#
# There is insufficient memory for the Java Runtime Environment to continue.
# Native memory allocation (mmap) failed to map 268435456 bytes for Failed to commit area from 0x0000000701c00000 to 0x0000000711c00000 of length 268435456.
# Possible reasons:
#   The system is out of physical RAM or swap space
#   The process is running with CompressedOops enabled, and the Java Heap may be blocking the growth of the native heap
# Possible solutions:
#   Reduce memory load on the system
#   Increase physical memory or swap space
#   Check if swap backing store is full
#   Decrease Java heap size (-Xmx/-Xms)
#   Decrease number of Java threads
#   Decrease Java thread stack sizes (-Xss)
#   Set larger code cache with -XX:ReservedCodeCacheSize=
# This output file may be truncated or incomplete.
#
#  Out of Memory Error (./open/src/hotspot/os/windows/os_windows.cpp:3276), pid=19356, tid=13744
#
# JRE version:  (11.0.13+10) (build )
# Java VM: Java HotSpot(TM) 64-Bit Server VM (11.0.13+10-LTS-370, mixed mode, sharing, tiered, compressed oops, g1 gc, windows-amd64)
# No core dump will be written. Minidumps are not enabled by default on client versions of Windows
#

---------------  S U M M A R Y ------------

Command Line: -javaagent:D:\IntelliJ IDEA 2020.2.3\lib\idea_rt.jar=19107:D:\IntelliJ IDEA 2020.2.3\bin -Dfile.encoding=UTF-8 org.example.cycletest

Host: Intel(R) Core(TM) i7-7700HQ CPU @ 2.80GHz, 8 cores, 15G,  Windows 10 , 64 bit Build 18362 (10.0.18362.1500)
Time: Sun Nov 28 18:03:55 2021 ?D1ú±ê×?ê±?? elapsed time: 0.034076 seconds (0d 0h 0m 0s)

---------------  T H R E A D  ---------------

Current thread (0x0000023ecbf6e800):  JavaThread "Unknown thread" [_thread_in_vm, id=13744, stack(0x000000aa25400000,0x000000aa25500000)]

Stack: [0x000000aa25400000,0x000000aa25500000]
Native frames: (J=compiled Java code, j=interpreted, Vv=VM code, C=native code)
V  [jvm.dll+0x62870a]
V  [jvm.dll+0x761f2f]
V  [jvm.dll+0x7635d9]
V  [jvm.dll+0x763c63]
V  [jvm.dll+0x23d728]
V  [jvm.dll+0x625aba]
V  [jvm.dll+0x61a855]
V  [jvm.dll+0x2f242c]
V  [jvm.dll+0x2f22b2]
V  [jvm.dll+0x2f6fd6]
V  [jvm.dll+0x3395ff]
V  [jvm.dll+0x339030]
V  [jvm.dll+0x2cfa38]
V  [jvm.dll+0x2d0ba6]
V  [jvm.dll+0x73c547]
V  [jvm.dll+0x73dddf]
V  [jvm.dll+0x346369]
V  [jvm.dll+0x721e60]
V  [jvm.dll+0x3b500f]
V  [jvm.dll+0x3b7121]
C  [jli.dll+0x5207]
C  [ucrtbase.dll+0x210b2]
C  [KERNEL32.DLL+0x17c24]
C  [ntdll.dll+0x6d721]


---------------  P R O C E S S  ---------------

Threads class SMR info:
_java_thread_list=0x0000023ecbd96b60, length=0, elements={
}

Java Threads: ( => current thread )

Other Threads:
  0x0000023ecbf84000 GCTaskThread "GC Thread#0" [stack: 0x000000aa25500000,0x000000aa25600000] [id=18964]
  0x0000023ecbfe1000 ConcurrentGCThread "G1 Main Marker" [stack: 0x000000aa25600000,0x000000aa25700000] [id=8480]
  0x0000023ecbfe2800 ConcurrentGCThread "G1 Conc#0" [stack: 0x000000aa25700000,0x000000aa25800000] [id=4116]

[error occurred during error reporting (printing all threads), id 0xc0000005, EXCEPTION_ACCESS_VIOLATION (0xc0000005) at pc=0x00007ffe7df9ecc7]

VM state:not at safepoint (not fully initialized)

VM Mutex/Monitor currently owned by a thread:  ([mutex/lock_event])
[0x0000023ecbf69570] Heap_lock - owner thread: 0x0000023ecbf6e800

Heap address: 0x0000000701c00000, size: 4068 MB, Compressed Oops mode: Non-zero based: 0x0000000701c00000
Narrow klass base: 0x0000000000000000, Narrow klass shift: 0

GC Heap History (0 events):
No events

Deoptimization events (0 events):
No events

Classes redefined (0 events):
No events

Internal exceptions (0 events):
No events

Events (0 events):
No events


Dynamic libraries:
0x00007ff7d8d40000 - 0x00007ff7d8d4f000 	C:\Program Files\Java\jdk-11.0.13\bin\java.exe
0x00007ffec2060000 - 0x00007ffec2250000 	C:\WINDOWS\SYSTEM32\ntdll.dll
0x00007ffec1a90000 - 0x00007ffec1b42000 	C:\WINDOWS\System32\KERNEL32.DLL
0x00007ffebf170000 - 0x00007ffebf415000 	C:\WINDOWS\System32\KERNELBASE.dll
0x00007ffebff30000 - 0x00007ffec002a000 	C:\WINDOWS\System32\ucrtbase.dll
0x00007ffebb360000 - 0x00007ffebb378000 	C:\Program Files\Java\jdk-11.0.13\bin\jli.dll
0x00007ffeb6190000 - 0x00007ffeb61a5000 	C:\Program Files\Java\jdk-11.0.13\bin\VCRUNTIME140.dll
0x00007ffec0720000 - 0x00007ffec07c3000 	C:\WINDOWS\System32\ADVAPI32.dll
0x00007ffec1b50000 - 0x00007ffec1bee000 	C:\WINDOWS\System32\msvcrt.dll
0x00007ffec0110000 - 0x00007ffec01a7000 	C:\WINDOWS\System32\sechost.dll
0x00007ffec07d0000 - 0x00007ffec08ef000 	C:\WINDOWS\System32\RPCRT4.dll
0x00007ffec1c10000 - 0x00007ffec1da4000 	C:\WINDOWS\System32\USER32.dll
0x00007ffebfed0000 - 0x00007ffebfef1000 	C:\WINDOWS\System32\win32u.dll
0x00007ffec0ab0000 - 0x00007ffec0ad6000 	C:\WINDOWS\System32\GDI32.dll
0x00007ffebefd0000 - 0x00007ffebf168000 	C:\WINDOWS\System32\gdi32full.dll
0x00007ffebf420000 - 0x00007ffebf4be000 	C:\WINDOWS\System32\msvcp_win.dll
0x00007ffeae2e0000 - 0x00007ffeae564000 	C:\WINDOWS\WinSxS\amd64_microsoft.windows.common-controls_6595b64144ccf1df_6.0.18362.1556_none_9e7e372fe45e41d5\COMCTL32.dll
0x00007ffec1590000 - 0x00007ffec18c6000 	C:\WINDOWS\System32\combase.dll
0x00007ffec0030000 - 0x00007ffec00b1000 	C:\WINDOWS\System32\bcryptPrimitives.dll
0x00007ffebeaf0000 - 0x00007ffebeafa000 	C:\WINDOWS\SYSTEM32\VERSION.dll
0x00007ffec1560000 - 0x00007ffec158e000 	C:\WINDOWS\System32\IMM32.DLL
0x00007ffe89120000 - 0x00007ffe891bb000 	C:\Program Files\Java\jdk-11.0.13\bin\msvcp140.dll
0x00007ffe7dcc0000 - 0x00007ffe7e7d3000 	C:\Program Files\Java\jdk-11.0.13\bin\server\jvm.dll
0x00007ffec1f60000 - 0x00007ffec1f68000 	C:\WINDOWS\System32\PSAPI.DLL
0x00007ffebcac0000 - 0x00007ffebcae4000 	C:\WINDOWS\SYSTEM32\WINMM.dll
0x00007ffeac2a0000 - 0x00007ffeac2a9000 	C:\WINDOWS\SYSTEM32\WSOCK32.dll
0x00007ffec13c0000 - 0x00007ffec142f000 	C:\WINDOWS\System32\WS2_32.dll
0x00007ffebc720000 - 0x00007ffebc74d000 	C:\WINDOWS\SYSTEM32\winmmbase.dll
0x00007ffec00c0000 - 0x00007ffec010a000 	C:\WINDOWS\System32\cfgmgr32.dll
0x00007ffebef20000 - 0x00007ffebef31000 	C:\WINDOWS\System32\kernel.appcore.dll
0x00007ffeb6180000 - 0x00007ffeb6190000 	C:\Program Files\Java\jdk-11.0.13\bin\verify.dll
0x00007ffebd750000 - 0x00007ffebd944000 	C:\WINDOWS\SYSTEM32\DBGHELP.DLL
0x00007ffeaa0a0000 - 0x00007ffeaa0ca000 	C:\WINDOWS\SYSTEM32\dbgcore.DLL
0x00007ffeb6150000 - 0x00007ffeb6178000 	C:\Program Files\Java\jdk-11.0.13\bin\java.dll
0x00007ffead3b0000 - 0x00007ffead3ba000 	C:\Program Files\Java\jdk-11.0.13\bin\jimage.dll
0x00007ffeab090000 - 0x00007ffeab09e000 	C:\Program Files\Java\jdk-11.0.13\bin\instrument.dll
0x00007ffead1f0000 - 0x00007ffead206000 	C:\Program Files\Java\jdk-11.0.13\bin\zip.dll

dbghelp: loaded successfully - version: 4.0.5 - missing functions: none
symbol engine: initialized successfully - sym options: 0x614 - pdb path: .;C:\Program Files\Java\jdk-11.0.13\bin;C:\WINDOWS\SYSTEM32;C:\WINDOWS\WinSxS\amd64_microsoft.windows.common-controls_6595b64144ccf1df_6.0.18362.1556_none_9e7e372fe45e41d5;C:\Program Files\Java\jdk-11.0.13\bin\server

VM Arguments:
jvm_args: -javaagent:D:\IntelliJ IDEA 2020.2.3\lib\idea_rt.jar=19107:D:\IntelliJ IDEA 2020.2.3\bin -Dfile.encoding=UTF-8 
java_command: org.example.cycletest
java_class_path (initial): D:\学习\java\DependencyParser\target\classes;D:\学习\java\mavenrepo\org\jgrapht\jgrapht-core\1.5.1\jgrapht-core-1.5.1.jar;D:\学习\java\mavenrepo\org\jheaps\jheaps\0.13\jheaps-0.13.jar
Launcher Type: SUN_STANDARD

[Global flags]
     intx CICompilerCount                          = 4                                         {product} {ergonomic}
     uint ConcGCThreads                            = 2                                         {product} {ergonomic}
     uint G1ConcRefinementThreads                  = 8                                         {product} {ergonomic}
   size_t G1HeapRegionSize                         = 1048576                                   {product} {ergonomic}
    uintx GCDrainStackTargetSize                   = 64                                        {product} {ergonomic}
   size_t InitialHeapSize                          = 268435456                                 {product} {ergonomic}
   size_t MarkStackSize                            = 4194304                                   {product} {ergonomic}
   size_t MaxHeapSize                              = 4265607168                                {product} {ergonomic}
   size_t MinHeapDeltaBytes                        = 1048576                                   {product} {ergonomic}
    uintx NonNMethodCodeHeapSize                   = 5836300                                {pd product} {ergonomic}
    uintx NonProfiledCodeHeapSize                  = 122910970                              {pd product} {ergonomic}
    uintx ProfiledCodeHeapSize                     = 122910970                              {pd product} {ergonomic}
    uintx ReservedCodeCacheSize                    = 251658240                              {pd product} {ergonomic}
     bool SegmentedCodeCache                       = true                                      {product} {ergonomic}
     bool UseCompressedClassPointers               = true                                 {lp64_product} {ergonomic}
     bool UseCompressedOops                        = true                                 {lp64_product} {ergonomic}
     bool UseG1GC                                  = true                                      {product} {ergonomic}
     bool UseLargePagesIndividualAllocation        = false                                  {pd product} {ergonomic}

Logging:
Log output configuration:
 #0: stdout all=warning uptime,level,tags
 #1: stderr all=off uptime,level,tags

Environment Variables:
JAVA_HOME=C:\Program Files\Java\jdk-11.0.13
CLASSPATH=.;C:\Program Files\Java\jdk-11.0.13\lib;C:\Program Files\Java\jdk-11.0.13\lib\dt.jar;C:\Program Files\Java\jdk-11.0.13\lib\tools.jar
PATH=C:\Program Files\Common Files\Oracle\Java\javapath;C:\Perl64\site\bin;C:\Perl64\bin;C:\Program Files (x86)\Common Files\Oracle\Java\javapath;C:\Program Files (x86)\Intel\iCLS Client\;C:\Program Files\Intel\iCLS Client\;C:\Windows\system32;C:\Windows;C:\Windows\System32\Wbem;C:\Windows\System32\WindowsPowerShell\v1.0\;C:\Program Files (x86)\NVIDIA Corporation\PhysX\Common;C:\Program Files (x86)\Intel\Intel(R) Management Engine Components\DAL;C:\Program Files\Intel\Intel(R) Management Engine Components\DAL;C:\Program Files (x86)\Intel\Intel(R) Management Engine Components\IPT;C:\Program Files\Intel\Intel(R) Management Engine Components\IPT;C:\WINDOWS\system32;C:\WINDOWS;C:\WINDOWS\System32\Wbem;C:\WINDOWS\System32\WindowsPowerShell\v1.0\;D:\matlab\bin\win32;D:\matlab201\runtime\win64;D:\matlab201\bin;D:\matlab201\polyspace\bin;C:\WINDOWS\System32\OpenSSH\;C:\Users\23954\.dnx\bin;C:\Program Files\Microsoft DNX\Dnvm\;C:\Program Files\Intel\WiFi\bin\;C:\Program Files\Common Files\Intel\WirelessCommon\;C:\Program Files\dotnet\;C:\Program Files (x86)\Microsoft SQL Server\100\Tools\Binn\;C:\Program Files\Microsoft SQL Server\100\Tools\Binn\;C:\Program Files\Microsoft SQL Server\100\DTS\Binn\;C:\Program Files (x86)\Microsoft SQL Server\100\Tools\Binn\VSShell\Common7\IDE\;C:\Program Files (x86)\Microsoft SQL Server\100\DTS\Binn\;C:\Program Files\NVIDIA Corporation\NVIDIA NvDLISR;C:\Program Files\MySQL\MySQL Server 8.0\bin;D:\apache-tomcat-9.0.33\bin;D:\apache-maven-3.6.3\bin;C:\Program Files\PuTTY\;D:\xftp\;C:\Program Files\nodejs\;D:\xmanager\;D:\xshell7\;D:\Git\cmd;D:\Graphviz\bin;C:\Strawberry\c\bin;C:\Strawberry\perl\site\bin;C:\Strawberry\perl\bin;D:\mingw1\mingw64\bin;C:\Program Files\Java\jdk-11.0.13\bin;C:\Program Files\Java\jdk-11.0.13\jre\bin;D:\swipl\bin;D:\学习\实验室\构建依赖\DependencyFinder-1.2.1-beta5.bin\DependencyFinder-1.2.1-beta5\bin;C:\Users\23954\AppData\Local\ActiveState\StateTool\release;C:\Users\23954\AppData\Local\activestate\cache\bin;C:\Users\239
USERNAME=23954
OS=Windows_NT
PROCESSOR_IDENTIFIER=Intel64 Family 6 Model 158 Stepping 9, GenuineIntel



---------------  S Y S T E M  ---------------

OS: Windows 10 , 64 bit Build 18362 (10.0.18362.1500)

CPU:total 8 (initial active 8) (4 cores per cpu, 2 threads per core) family 6 model 158 stepping 9 microcode 0xde, cmov, cx8, fxsr, mmx, sse, sse2, sse3, ssse3, sse4.1, sse4.2, popcnt, avx, avx2, aes, clmul, erms, 3dnowpref, lzcnt, ht, tsc, tscinvbit, bmi1, bmi2, adx, fma

Memory: 4k page, system-wide physical 16265M (7479M free)
TotalPageFile size 19026M (AvailPageFile size 218M)
current process WorkingSet (physical memory assigned to process): 10M, peak: 10M
current process commit charge ("private bytes"): 60M, peak: 316M

vm_info: Java HotSpot(TM) 64-Bit Server VM (11.0.13+10-LTS-370) for windows-amd64 JRE (11.0.13+10-LTS-370), built on Sep 15 2021 22:10:36 by "mach5one" with MS VC++ 15.9 (VS2017)

END.
